<?xml version="1.0" encoding="UTF-8"?>
<testng-results skipped="0" failed="0" ignored="2" total="3" passed="1">
  <reporter-output>
  </reporter-output>
  <suite name="Debug Test Suite" duration-ms="59392" started-at="2018-07-13T17:59:45Z" finished-at="2018-07-13T18:00:44Z">
    <groups>
    </groups>
    <test name="debug" duration-ms="59392" started-at="2018-07-13T17:59:45Z" finished-at="2018-07-13T18:00:44Z">
      <class name="com.mobile.appiumTest.FirstAppiumTest">
        <test-method status="PASS" signature="firstTest()[pri:0, instance:com.mobile.appiumTest.FirstAppiumTest@724af044]" name="firstTest" duration-ms="2" started-at="2018-07-13T18:00:44Z" finished-at="2018-07-13T18:00:44Z">
          <reporter-output>
          </reporter-output>
        </test-method> <!-- firstTest -->
      </class> <!-- com.mobile.appiumTest.FirstAppiumTest -->
      <class name="com.mobile.appiumTest.BaseMobileTest">
        <test-method status="PASS" signature="initializeDriver()[pri:0, instance:com.mobile.appiumTest.BaseMobileTest@39aeed2f]" name="initializeDriver" is-config="true" duration-ms="59086" started-at="2018-07-13T17:59:45Z" finished-at="2018-07-13T18:00:44Z">
          <reporter-output>
          </reporter-output>
        </test-method> <!-- initializeDriver -->
        <test-method status="PASS" signature="clean()[pri:0, instance:com.mobile.appiumTest.BaseMobileTest@39aeed2f]" name="clean" is-config="true" duration-ms="280" started-at="2018-07-13T18:00:44Z" finished-at="2018-07-13T18:00:44Z">
          <reporter-output>
          </reporter-output>
        </test-method> <!-- clean -->
      </class> <!-- com.mobile.appiumTest.BaseMobileTest -->
    </test> <!-- debug -->
  </suite> <!-- Debug Test Suite -->
</testng-results>
