<?xml version="1.0" encoding="UTF-8"?>
<!-- Generated by org.testng.reporters.JUnitXMLReporter -->
<testsuite hostname="Jyothis-MacBook-Pro.local" ignored="2" name="debug" tests="1" failures="0" timestamp="13 Jul 2018 18:00:49 GMT" time="59.392" errors="0">
  <testcase name="firstTest" time="0.002" classname="com.mobile.appiumTest.FirstAppiumTest"/>
  <testcase name="@AfterTest clean" time="0.0" classname="com.mobile.appiumTest.BaseMobileTest">
    <ignored/>
  </testcase> <!-- @AfterTest clean -->
  <testcase name="@BeforeTest initializeDriver" time="0.0" classname="com.mobile.appiumTest.BaseMobileTest">
    <ignored/>
  </testcase> <!-- @BeforeTest initializeDriver -->
</testsuite> <!-- debug -->
